<?xml version="1.0" encoding="UTF-8"?>
<testsuite xmlns:xsi="http://www.w3.org/2001/XMLSchema-instance" xsi:noNamespaceSchemaLocation="https://maven.apache.org/surefire/maven-surefire-plugin/xsd/surefire-test-report.xsd" name="com.ccitsoft.demo.SpringBootTestApplicationTests" time="18.483" tests="1" errors="0" skipped="0" failures="0">
  <properties>
    <property name="sun.desktop" value="windows"/>
    <property name="awt.toolkit" value="sun.awt.windows.WToolkit"/>
    <property name="file.encoding.pkg" value="sun.io"/>
    <property name="java.specification.version" value="1.8"/>
    <property name="sun.cpu.isalist" value="amd64"/>
    <property name="sun.jnu.encoding" value="GBK"/>
    <property name="java.class.path" value="E:\workspace_lic\spring-boot-test\target\test-classes;E:\workspace_lic\spring-boot-test\target\classes;E:\Tools\apache-maven-3.3.3-bin\repository\org\springframework\boot\spring-boot-starter-web\2.0.2.RELEASE\spring-boot-starter-web-2.0.2.RELEASE.jar;E:\Tools\apache-maven-3.3.3-bin\repository\org\springframework\boot\spring-boot-starter\2.0.2.RELEASE\spring-boot-starter-2.0.2.RELEASE.jar;E:\Tools\apache-maven-3.3.3-bin\repository\org\springframework\boot\spring-boot\2.0.2.RELEASE\spring-boot-2.0.2.RELEASE.jar;E:\Tools\apache-maven-3.3.3-bin\repository\org\springframework\boot\spring-boot-autoconfigure\2.0.2.RELEASE\spring-boot-autoconfigure-2.0.2.RELEASE.jar;E:\Tools\apache-maven-3.3.3-bin\repository\org\springframework\boot\spring-boot-starter-logging\2.0.2.RELEASE\spring-boot-starter-logging-2.0.2.RELEASE.jar;E:\Tools\apache-maven-3.3.3-bin\repository\ch\qos\logback\logback-classic\1.2.3\logback-classic-1.2.3.jar;E:\Tools\apache-maven-3.3.3-bin\repository\ch\qos\logback\logback-core\1.2.3\logback-core-1.2.3.jar;E:\Tools\apache-maven-3.3.3-bin\repository\org\apache\logging\log4j\log4j-to-slf4j\2.10.0\log4j-to-slf4j-2.10.0.jar;E:\Tools\apache-maven-3.3.3-bin\repository\org\apache\logging\log4j\log4j-api\2.10.0\log4j-api-2.10.0.jar;E:\Tools\apache-maven-3.3.3-bin\repository\org\slf4j\jul-to-slf4j\1.7.25\jul-to-slf4j-1.7.25.jar;E:\Tools\apache-maven-3.3.3-bin\repository\org\yaml\snakeyaml\1.19\snakeyaml-1.19.jar;E:\Tools\apache-maven-3.3.3-bin\repository\org\springframework\boot\spring-boot-starter-json\2.0.2.RELEASE\spring-boot-starter-json-2.0.2.RELEASE.jar;E:\Tools\apache-maven-3.3.3-bin\repository\com\fasterxml\jackson\core\jackson-databind\2.9.5\jackson-databind-2.9.5.jar;E:\Tools\apache-maven-3.3.3-bin\repository\com\fasterxml\jackson\core\jackson-annotations\2.9.0\jackson-annotations-2.9.0.jar;E:\Tools\apache-maven-3.3.3-bin\repository\com\fasterxml\jackson\core\jackson-core\2.9.5\jackson-core-2.9.5.jar;E:\Tools\apache-maven-3.3.3-bin\repository\com\fasterxml\jackson\datatype\jackson-datatype-jdk8\2.9.5\jackson-datatype-jdk8-2.9.5.jar;E:\Tools\apache-maven-3.3.3-bin\repository\com\fasterxml\jackson\datatype\jackson-datatype-jsr310\2.9.5\jackson-datatype-jsr310-2.9.5.jar;E:\Tools\apache-maven-3.3.3-bin\repository\com\fasterxml\jackson\module\jackson-module-parameter-names\2.9.5\jackson-module-parameter-names-2.9.5.jar;E:\Tools\apache-maven-3.3.3-bin\repository\org\hibernate\validator\hibernate-validator\6.0.9.Final\hibernate-validator-6.0.9.Final.jar;E:\Tools\apache-maven-3.3.3-bin\repository\javax\validation\validation-api\2.0.1.Final\validation-api-2.0.1.Final.jar;E:\Tools\apache-maven-3.3.3-bin\repository\org\jboss\logging\jboss-logging\3.3.2.Final\jboss-logging-3.3.2.Final.jar;E:\Tools\apache-maven-3.3.3-bin\repository\com\fasterxml\classmate\1.3.4\classmate-1.3.4.jar;E:\Tools\apache-maven-3.3.3-bin\repository\org\springframework\spring-web\5.0.6.RELEASE\spring-web-5.0.6.RELEASE.jar;E:\Tools\apache-maven-3.3.3-bin\repository\org\springframework\spring-beans\5.0.6.RELEASE\spring-beans-5.0.6.RELEASE.jar;E:\Tools\apache-maven-3.3.3-bin\repository\org\springframework\spring-webmvc\5.0.6.RELEASE\spring-webmvc-5.0.6.RELEASE.jar;E:\Tools\apache-maven-3.3.3-bin\repository\org\springframework\spring-aop\5.0.6.RELEASE\spring-aop-5.0.6.RELEASE.jar;E:\Tools\apache-maven-3.3.3-bin\repository\org\springframework\spring-context\5.0.6.RELEASE\spring-context-5.0.6.RELEASE.jar;E:\Tools\apache-maven-3.3.3-bin\repository\org\springframework\spring-expression\5.0.6.RELEASE\spring-expression-5.0.6.RELEASE.jar;E:\Tools\apache-maven-3.3.3-bin\repository\org\springframework\boot\spring-boot-starter-tomcat\2.0.2.RELEASE\spring-boot-starter-tomcat-2.0.2.RELEASE.jar;E:\Tools\apache-maven-3.3.3-bin\repository\javax\annotation\javax.annotation-api\1.3.2\javax.annotation-api-1.3.2.jar;E:\Tools\apache-maven-3.3.3-bin\repository\org\apache\tomcat\embed\tomcat-embed-core\8.5.31\tomcat-embed-core-8.5.31.jar;E:\Tools\apache-maven-3.3.3-bin\repository\org\apache\tomcat\embed\tomcat-embed-el\8.5.31\tomcat-embed-el-8.5.31.jar;E:\Tools\apache-maven-3.3.3-bin\repository\org\apache\tomcat\embed\tomcat-embed-websocket\8.5.31\tomcat-embed-websocket-8.5.31.jar;E:\Tools\apache-maven-3.3.3-bin\repository\org\springframework\boot\spring-boot-starter-test\2.0.2.RELEASE\spring-boot-starter-test-2.0.2.RELEASE.jar;E:\Tools\apache-maven-3.3.3-bin\repository\org\springframework\boot\spring-boot-test\2.0.2.RELEASE\spring-boot-test-2.0.2.RELEASE.jar;E:\Tools\apache-maven-3.3.3-bin\repository\org\springframework\boot\spring-boot-test-autoconfigure\2.0.2.RELEASE\spring-boot-test-autoconfigure-2.0.2.RELEASE.jar;E:\Tools\apache-maven-3.3.3-bin\repository\com\jayway\jsonpath\json-path\2.4.0\json-path-2.4.0.jar;E:\Tools\apache-maven-3.3.3-bin\repository\net\minidev\json-smart\2.3\json-smart-2.3.jar;E:\Tools\apache-maven-3.3.3-bin\repository\net\minidev\accessors-smart\1.2\accessors-smart-1.2.jar;E:\Tools\apache-maven-3.3.3-bin\repository\org\ow2\asm\asm\5.0.4\asm-5.0.4.jar;E:\Tools\apache-maven-3.3.3-bin\repository\org\slf4j\slf4j-api\1.7.25\slf4j-api-1.7.25.jar;E:\Tools\apache-maven-3.3.3-bin\repository\junit\junit\4.12\junit-4.12.jar;E:\Tools\apache-maven-3.3.3-bin\repository\org\assertj\assertj-core\3.9.1\assertj-core-3.9.1.jar;E:\Tools\apache-maven-3.3.3-bin\repository\org\mockito\mockito-core\2.15.0\mockito-core-2.15.0.jar;E:\Tools\apache-maven-3.3.3-bin\repository\net\bytebuddy\byte-buddy\1.7.11\byte-buddy-1.7.11.jar;E:\Tools\apache-maven-3.3.3-bin\repository\net\bytebuddy\byte-buddy-agent\1.7.11\byte-buddy-agent-1.7.11.jar;E:\Tools\apache-maven-3.3.3-bin\repository\org\objenesis\objenesis\2.6\objenesis-2.6.jar;E:\Tools\apache-maven-3.3.3-bin\repository\org\hamcrest\hamcrest-core\1.3\hamcrest-core-1.3.jar;E:\Tools\apache-maven-3.3.3-bin\repository\org\hamcrest\hamcrest-library\1.3\hamcrest-library-1.3.jar;E:\Tools\apache-maven-3.3.3-bin\repository\org\skyscreamer\jsonassert\1.5.0\jsonassert-1.5.0.jar;E:\Tools\apache-maven-3.3.3-bin\repository\com\vaadin\external\google\android-json\0.0.20131108.vaadin1\android-json-0.0.20131108.vaadin1.jar;E:\Tools\apache-maven-3.3.3-bin\repository\org\springframework\spring-core\5.0.6.RELEASE\spring-core-5.0.6.RELEASE.jar;E:\Tools\apache-maven-3.3.3-bin\repository\org\springframework\spring-jcl\5.0.6.RELEASE\spring-jcl-5.0.6.RELEASE.jar;E:\Tools\apache-maven-3.3.3-bin\repository\org\springframework\spring-test\5.0.6.RELEASE\spring-test-5.0.6.RELEASE.jar;E:\Tools\apache-maven-3.3.3-bin\repository\org\xmlunit\xmlunit-core\2.5.1\xmlunit-core-2.5.1.jar;E:\Tools\apache-maven-3.3.3-bin\repository\org\apache\tomcat\embed\tomcat-embed-jasper\8.5.31\tomcat-embed-jasper-8.5.31.jar;E:\Tools\apache-maven-3.3.3-bin\repository\org\eclipse\jdt\ecj\3.12.3\ecj-3.12.3.jar;E:\Tools\apache-maven-3.3.3-bin\repository\javax\servlet\javax.servlet-api\3.1.0\javax.servlet-api-3.1.0.jar;E:\Tools\apache-maven-3.3.3-bin\repository\javax\servlet\jstl\1.2\jstl-1.2.jar;E:\Tools\apache-maven-3.3.3-bin\repository\org\springframework\boot\spring-boot-starter-data-jpa\2.0.2.RELEASE\spring-boot-starter-data-jpa-2.0.2.RELEASE.jar;E:\Tools\apache-maven-3.3.3-bin\repository\org\springframework\boot\spring-boot-starter-aop\2.0.2.RELEASE\spring-boot-starter-aop-2.0.2.RELEASE.jar;E:\Tools\apache-maven-3.3.3-bin\repository\org\aspectj\aspectjweaver\1.8.13\aspectjweaver-1.8.13.jar;E:\Tools\apache-maven-3.3.3-bin\repository\org\springframework\boot\spring-boot-starter-jdbc\2.0.2.RELEASE\spring-boot-starter-jdbc-2.0.2.RELEASE.jar;E:\Tools\apache-maven-3.3.3-bin\repository\com\zaxxer\HikariCP\2.7.9\HikariCP-2.7.9.jar;E:\Tools\apache-maven-3.3.3-bin\repository\org\springframework\spring-jdbc\5.0.6.RELEASE\spring-jdbc-5.0.6.RELEASE.jar;E:\Tools\apache-maven-3.3.3-bin\repository\org\hibernate\hibernate-core\5.2.17.Final\hibernate-core-5.2.17.Final.jar;E:\Tools\apache-maven-3.3.3-bin\repository\org\hibernate\javax\persistence\hibernate-jpa-2.1-api\1.0.0.Final\hibernate-jpa-2.1-api-1.0.0.Final.jar;E:\Tools\apache-maven-3.3.3-bin\repository\org\javassist\javassist\3.22.0-GA\javassist-3.22.0-GA.jar;E:\Tools\apache-maven-3.3.3-bin\repository\antlr\antlr\2.7.7\antlr-2.7.7.jar;E:\Tools\apache-maven-3.3.3-bin\repository\org\jboss\jandex\2.0.3.Final\jandex-2.0.3.Final.jar;E:\Tools\apache-maven-3.3.3-bin\repository\dom4j\dom4j\1.6.1\dom4j-1.6.1.jar;E:\Tools\apache-maven-3.3.3-bin\repository\org\hibernate\common\hibernate-commons-annotations\5.0.1.Final\hibernate-commons-annotations-5.0.1.Final.jar;E:\Tools\apache-maven-3.3.3-bin\repository\javax\transaction\javax.transaction-api\1.2\javax.transaction-api-1.2.jar;E:\Tools\apache-maven-3.3.3-bin\repository\org\springframework\data\spring-data-jpa\2.0.7.RELEASE\spring-data-jpa-2.0.7.RELEASE.jar;E:\Tools\apache-maven-3.3.3-bin\repository\org\springframework\data\spring-data-commons\2.0.7.RELEASE\spring-data-commons-2.0.7.RELEASE.jar;E:\Tools\apache-maven-3.3.3-bin\repository\org\springframework\spring-orm\5.0.6.RELEASE\spring-orm-5.0.6.RELEASE.jar;E:\Tools\apache-maven-3.3.3-bin\repository\org\springframework\spring-tx\5.0.6.RELEASE\spring-tx-5.0.6.RELEASE.jar;E:\Tools\apache-maven-3.3.3-bin\repository\org\springframework\spring-aspects\5.0.6.RELEASE\spring-aspects-5.0.6.RELEASE.jar;E:\Tools\apache-maven-3.3.3-bin\repository\mysql\mysql-connector-java\5.1.46\mysql-connector-java-5.1.46.jar;E:\Tools\apache-maven-3.3.3-bin\repository\org\apache\maven\plugins\maven-resources-plugin\2.4.3\maven-resources-plugin-2.4.3.jar;E:\Tools\apache-maven-3.3.3-bin\repository\org\apache\maven\maven-plugin-api\2.0.6\maven-plugin-api-2.0.6.jar;E:\Tools\apache-maven-3.3.3-bin\repository\org\apache\maven\maven-project\2.0.6\maven-project-2.0.6.jar;E:\Tools\apache-maven-3.3.3-bin\repository\org\apache\maven\maven-profile\2.0.6\maven-profile-2.0.6.jar;E:\Tools\apache-maven-3.3.3-bin\repository\org\apache\maven\maven-artifact-manager\2.0.6\maven-artifact-manager-2.0.6.jar;E:\Tools\apache-maven-3.3.3-bin\repository\org\apache\maven\maven-plugin-registry\2.0.6\maven-plugin-registry-2.0.6.jar;E:\Tools\apache-maven-3.3.3-bin\repository\org\apache\maven\maven-core\2.0.6\maven-core-2.0.6.jar;E:\Tools\apache-maven-3.3.3-bin\repository\org\apache\maven\wagon\wagon-file\1.0-beta-2\wagon-file-1.0-beta-2.jar;E:\Tools\apache-maven-3.3.3-bin\repository\org\apache\maven\maven-plugin-parameter-documenter\2.0.6\maven-plugin-parameter-documenter-2.0.6.jar;E:\Tools\apache-maven-3.3.3-bin\repository\org\apache\maven\wagon\wagon-http-lightweight\1.0-beta-2\wagon-http-lightweight-1.0-beta-2.jar;E:\Tools\apache-maven-3.3.3-bin\repository\org\apache\maven\wagon\wagon-http-shared\1.0-beta-2\wagon-http-shared-1.0-beta-2.jar;E:\Tools\apache-maven-3.3.3-bin\repository\jtidy\jtidy\4aug2000r7-dev\jtidy-4aug2000r7-dev.jar;E:\Tools\apache-maven-3.3.3-bin\repository\xml-apis\xml-apis\1.4.01\xml-apis-1.4.01.jar;E:\Tools\apache-maven-3.3.3-bin\repository\org\apache\maven\reporting\maven-reporting-api\2.0.6\maven-reporting-api-2.0.6.jar;E:\Tools\apache-maven-3.3.3-bin\repository\org\apache\maven\doxia\doxia-sink-api\1.0-alpha-7\doxia-sink-api-1.0-alpha-7.jar;E:\Tools\apache-maven-3.3.3-bin\repository\org\apache\maven\wagon\wagon-provider-api\1.0-beta-2\wagon-provider-api-1.0-beta-2.jar;E:\Tools\apache-maven-3.3.3-bin\repository\org\apache\maven\maven-repository-metadata\2.0.6\maven-repository-metadata-2.0.6.jar;E:\Tools\apache-maven-3.3.3-bin\repository\org\apache\maven\maven-error-diagnostics\2.0.6\maven-error-diagnostics-2.0.6.jar;E:\Tools\apache-maven-3.3.3-bin\repository\commons-cli\commons-cli\1.0\commons-cli-1.0.jar;E:\Tools\apache-maven-3.3.3-bin\repository\org\apache\maven\wagon\wagon-ssh-external\1.0-beta-2\wagon-ssh-external-1.0-beta-2.jar;E:\Tools\apache-maven-3.3.3-bin\repository\org\apache\maven\wagon\wagon-ssh-common\1.0-beta-2\wagon-ssh-common-1.0-beta-2.jar;E:\Tools\apache-maven-3.3.3-bin\repository\org\apache\maven\maven-plugin-descriptor\2.0.6\maven-plugin-descriptor-2.0.6.jar;E:\Tools\apache-maven-3.3.3-bin\repository\org\codehaus\plexus\plexus-interactivity-api\1.0-alpha-4\plexus-interactivity-api-1.0-alpha-4.jar;E:\Tools\apache-maven-3.3.3-bin\repository\org\apache\maven\wagon\wagon-ssh\1.0-beta-2\wagon-ssh-1.0-beta-2.jar;E:\Tools\apache-maven-3.3.3-bin\repository\com\jcraft\jsch\0.1.27\jsch-0.1.27.jar;E:\Tools\apache-maven-3.3.3-bin\repository\classworlds\classworlds\1.1\classworlds-1.1.jar;E:\Tools\apache-maven-3.3.3-bin\repository\org\apache\maven\maven-artifact\2.0.6\maven-artifact-2.0.6.jar;E:\Tools\apache-maven-3.3.3-bin\repository\org\apache\maven\maven-settings\2.0.6\maven-settings-2.0.6.jar;E:\Tools\apache-maven-3.3.3-bin\repository\org\apache\maven\maven-model\2.0.6\maven-model-2.0.6.jar;E:\Tools\apache-maven-3.3.3-bin\repository\org\apache\maven\maven-monitor\2.0.6\maven-monitor-2.0.6.jar;E:\Tools\apache-maven-3.3.3-bin\repository\org\codehaus\plexus\plexus-container-default\1.0-alpha-9-stable-1\plexus-container-default-1.0-alpha-9-stable-1.jar;E:\Tools\apache-maven-3.3.3-bin\repository\org\codehaus\plexus\plexus-utils\2.0.5\plexus-utils-2.0.5.jar;E:\Tools\apache-maven-3.3.3-bin\repository\org\apache\maven\shared\maven-filtering\1.0-beta-4\maven-filtering-1.0-beta-4.jar;E:\Tools\apache-maven-3.3.3-bin\repository\org\sonatype\plexus\plexus-build-api\0.0.4\plexus-build-api-0.0.4.jar;E:\Tools\apache-maven-3.3.3-bin\repository\org\codehaus\plexus\plexus-interpolation\1.13\plexus-interpolation-1.13.jar;"/>
    <property name="java.vm.vendor" value="Oracle Corporation"/>
    <property name="sun.arch.data.model" value="64"/>
    <property name="user.variant" value=""/>
    <property name="java.vendor.url" value="http://java.oracle.com/"/>
    <property name="user.timezone" value=""/>
    <property name="java.vm.specification.version" value="1.8"/>
    <property name="os.name" value="Windows 7"/>
    <property name="user.country" value="CN"/>
    <property name="sun.java.launcher" value="SUN_STANDARD"/>
    <property name="sun.boot.library.path" value="C:\Program Files\Java\jdk1.8.0_131\jre\bin"/>
    <property name="sun.java.command" value="C:\Users\ADMINI~1\AppData\Local\Temp\surefire5470940193544034284\surefirebooter9175320559585683320.jar C:\Users\Administrator\AppData\Local\Temp\surefire5470940193544034284 2018-05-11T11-42-46_936-jvmRun1 surefire203720652561227019tmp surefire_02328845633071947277tmp"/>
    <property name="surefire.test.class.path" value="E:\workspace_lic\spring-boot-test\target\test-classes;E:\workspace_lic\spring-boot-test\target\classes;E:\Tools\apache-maven-3.3.3-bin\repository\org\springframework\boot\spring-boot-starter-web\2.0.2.RELEASE\spring-boot-starter-web-2.0.2.RELEASE.jar;E:\Tools\apache-maven-3.3.3-bin\repository\org\springframework\boot\spring-boot-starter\2.0.2.RELEASE\spring-boot-starter-2.0.2.RELEASE.jar;E:\Tools\apache-maven-3.3.3-bin\repository\org\springframework\boot\spring-boot\2.0.2.RELEASE\spring-boot-2.0.2.RELEASE.jar;E:\Tools\apache-maven-3.3.3-bin\repository\org\springframework\boot\spring-boot-autoconfigure\2.0.2.RELEASE\spring-boot-autoconfigure-2.0.2.RELEASE.jar;E:\Tools\apache-maven-3.3.3-bin\repository\org\springframework\boot\spring-boot-starter-logging\2.0.2.RELEASE\spring-boot-starter-logging-2.0.2.RELEASE.jar;E:\Tools\apache-maven-3.3.3-bin\repository\ch\qos\logback\logback-classic\1.2.3\logback-classic-1.2.3.jar;E:\Tools\apache-maven-3.3.3-bin\repository\ch\qos\logback\logback-core\1.2.3\logback-core-1.2.3.jar;E:\Tools\apache-maven-3.3.3-bin\repository\org\apache\logging\log4j\log4j-to-slf4j\2.10.0\log4j-to-slf4j-2.10.0.jar;E:\Tools\apache-maven-3.3.3-bin\repository\org\apache\logging\log4j\log4j-api\2.10.0\log4j-api-2.10.0.jar;E:\Tools\apache-maven-3.3.3-bin\repository\org\slf4j\jul-to-slf4j\1.7.25\jul-to-slf4j-1.7.25.jar;E:\Tools\apache-maven-3.3.3-bin\repository\org\yaml\snakeyaml\1.19\snakeyaml-1.19.jar;E:\Tools\apache-maven-3.3.3-bin\repository\org\springframework\boot\spring-boot-starter-json\2.0.2.RELEASE\spring-boot-starter-json-2.0.2.RELEASE.jar;E:\Tools\apache-maven-3.3.3-bin\repository\com\fasterxml\jackson\core\jackson-databind\2.9.5\jackson-databind-2.9.5.jar;E:\Tools\apache-maven-3.3.3-bin\repository\com\fasterxml\jackson\core\jackson-annotations\2.9.0\jackson-annotations-2.9.0.jar;E:\Tools\apache-maven-3.3.3-bin\repository\com\fasterxml\jackson\core\jackson-core\2.9.5\jackson-core-2.9.5.jar;E:\Tools\apache-maven-3.3.3-bin\repository\com\fasterxml\jackson\datatype\jackson-datatype-jdk8\2.9.5\jackson-datatype-jdk8-2.9.5.jar;E:\Tools\apache-maven-3.3.3-bin\repository\com\fasterxml\jackson\datatype\jackson-datatype-jsr310\2.9.5\jackson-datatype-jsr310-2.9.5.jar;E:\Tools\apache-maven-3.3.3-bin\repository\com\fasterxml\jackson\module\jackson-module-parameter-names\2.9.5\jackson-module-parameter-names-2.9.5.jar;E:\Tools\apache-maven-3.3.3-bin\repository\org\hibernate\validator\hibernate-validator\6.0.9.Final\hibernate-validator-6.0.9.Final.jar;E:\Tools\apache-maven-3.3.3-bin\repository\javax\validation\validation-api\2.0.1.Final\validation-api-2.0.1.Final.jar;E:\Tools\apache-maven-3.3.3-bin\repository\org\jboss\logging\jboss-logging\3.3.2.Final\jboss-logging-3.3.2.Final.jar;E:\Tools\apache-maven-3.3.3-bin\repository\com\fasterxml\classmate\1.3.4\classmate-1.3.4.jar;E:\Tools\apache-maven-3.3.3-bin\repository\org\springframework\spring-web\5.0.6.RELEASE\spring-web-5.0.6.RELEASE.jar;E:\Tools\apache-maven-3.3.3-bin\repository\org\springframework\spring-beans\5.0.6.RELEASE\spring-beans-5.0.6.RELEASE.jar;E:\Tools\apache-maven-3.3.3-bin\repository\org\springframework\spring-webmvc\5.0.6.RELEASE\spring-webmvc-5.0.6.RELEASE.jar;E:\Tools\apache-maven-3.3.3-bin\repository\org\springframework\spring-aop\5.0.6.RELEASE\spring-aop-5.0.6.RELEASE.jar;E:\Tools\apache-maven-3.3.3-bin\repository\org\springframework\spring-context\5.0.6.RELEASE\spring-context-5.0.6.RELEASE.jar;E:\Tools\apache-maven-3.3.3-bin\repository\org\springframework\spring-expression\5.0.6.RELEASE\spring-expression-5.0.6.RELEASE.jar;E:\Tools\apache-maven-3.3.3-bin\repository\org\springframework\boot\spring-boot-starter-tomcat\2.0.2.RELEASE\spring-boot-starter-tomcat-2.0.2.RELEASE.jar;E:\Tools\apache-maven-3.3.3-bin\repository\javax\annotation\javax.annotation-api\1.3.2\javax.annotation-api-1.3.2.jar;E:\Tools\apache-maven-3.3.3-bin\repository\org\apache\tomcat\embed\tomcat-embed-core\8.5.31\tomcat-embed-core-8.5.31.jar;E:\Tools\apache-maven-3.3.3-bin\repository\org\apache\tomcat\embed\tomcat-embed-el\8.5.31\tomcat-embed-el-8.5.31.jar;E:\Tools\apache-maven-3.3.3-bin\repository\org\apache\tomcat\embed\tomcat-embed-websocket\8.5.31\tomcat-embed-websocket-8.5.31.jar;E:\Tools\apache-maven-3.3.3-bin\repository\org\springframework\boot\spring-boot-starter-test\2.0.2.RELEASE\spring-boot-starter-test-2.0.2.RELEASE.jar;E:\Tools\apache-maven-3.3.3-bin\repository\org\springframework\boot\spring-boot-test\2.0.2.RELEASE\spring-boot-test-2.0.2.RELEASE.jar;E:\Tools\apache-maven-3.3.3-bin\repository\org\springframework\boot\spring-boot-test-autoconfigure\2.0.2.RELEASE\spring-boot-test-autoconfigure-2.0.2.RELEASE.jar;E:\Tools\apache-maven-3.3.3-bin\repository\com\jayway\jsonpath\json-path\2.4.0\json-path-2.4.0.jar;E:\Tools\apache-maven-3.3.3-bin\repository\net\minidev\json-smart\2.3\json-smart-2.3.jar;E:\Tools\apache-maven-3.3.3-bin\repository\net\minidev\accessors-smart\1.2\accessors-smart-1.2.jar;E:\Tools\apache-maven-3.3.3-bin\repository\org\ow2\asm\asm\5.0.4\asm-5.0.4.jar;E:\Tools\apache-maven-3.3.3-bin\repository\org\slf4j\slf4j-api\1.7.25\slf4j-api-1.7.25.jar;E:\Tools\apache-maven-3.3.3-bin\repository\junit\junit\4.12\junit-4.12.jar;E:\Tools\apache-maven-3.3.3-bin\repository\org\assertj\assertj-core\3.9.1\assertj-core-3.9.1.jar;E:\Tools\apache-maven-3.3.3-bin\repository\org\mockito\mockito-core\2.15.0\mockito-core-2.15.0.jar;E:\Tools\apache-maven-3.3.3-bin\repository\net\bytebuddy\byte-buddy\1.7.11\byte-buddy-1.7.11.jar;E:\Tools\apache-maven-3.3.3-bin\repository\net\bytebuddy\byte-buddy-agent\1.7.11\byte-buddy-agent-1.7.11.jar;E:\Tools\apache-maven-3.3.3-bin\repository\org\objenesis\objenesis\2.6\objenesis-2.6.jar;E:\Tools\apache-maven-3.3.3-bin\repository\org\hamcrest\hamcrest-core\1.3\hamcrest-core-1.3.jar;E:\Tools\apache-maven-3.3.3-bin\repository\org\hamcrest\hamcrest-library\1.3\hamcrest-library-1.3.jar;E:\Tools\apache-maven-3.3.3-bin\repository\org\skyscreamer\jsonassert\1.5.0\jsonassert-1.5.0.jar;E:\Tools\apache-maven-3.3.3-bin\repository\com\vaadin\external\google\android-json\0.0.20131108.vaadin1\android-json-0.0.20131108.vaadin1.jar;E:\Tools\apache-maven-3.3.3-bin\repository\org\springframework\spring-core\5.0.6.RELEASE\spring-core-5.0.6.RELEASE.jar;E:\Tools\apache-maven-3.3.3-bin\repository\org\springframework\spring-jcl\5.0.6.RELEASE\spring-jcl-5.0.6.RELEASE.jar;E:\Tools\apache-maven-3.3.3-bin\repository\org\springframework\spring-test\5.0.6.RELEASE\spring-test-5.0.6.RELEASE.jar;E:\Tools\apache-maven-3.3.3-bin\repository\org\xmlunit\xmlunit-core\2.5.1\xmlunit-core-2.5.1.jar;E:\Tools\apache-maven-3.3.3-bin\repository\org\apache\tomcat\embed\tomcat-embed-jasper\8.5.31\tomcat-embed-jasper-8.5.31.jar;E:\Tools\apache-maven-3.3.3-bin\repository\org\eclipse\jdt\ecj\3.12.3\ecj-3.12.3.jar;E:\Tools\apache-maven-3.3.3-bin\repository\javax\servlet\javax.servlet-api\3.1.0\javax.servlet-api-3.1.0.jar;E:\Tools\apache-maven-3.3.3-bin\repository\javax\servlet\jstl\1.2\jstl-1.2.jar;E:\Tools\apache-maven-3.3.3-bin\repository\org\springframework\boot\spring-boot-starter-data-jpa\2.0.2.RELEASE\spring-boot-starter-data-jpa-2.0.2.RELEASE.jar;E:\Tools\apache-maven-3.3.3-bin\repository\org\springframework\boot\spring-boot-starter-aop\2.0.2.RELEASE\spring-boot-starter-aop-2.0.2.RELEASE.jar;E:\Tools\apache-maven-3.3.3-bin\repository\org\aspectj\aspectjweaver\1.8.13\aspectjweaver-1.8.13.jar;E:\Tools\apache-maven-3.3.3-bin\repository\org\springframework\boot\spring-boot-starter-jdbc\2.0.2.RELEASE\spring-boot-starter-jdbc-2.0.2.RELEASE.jar;E:\Tools\apache-maven-3.3.3-bin\repository\com\zaxxer\HikariCP\2.7.9\HikariCP-2.7.9.jar;E:\Tools\apache-maven-3.3.3-bin\repository\org\springframework\spring-jdbc\5.0.6.RELEASE\spring-jdbc-5.0.6.RELEASE.jar;E:\Tools\apache-maven-3.3.3-bin\repository\org\hibernate\hibernate-core\5.2.17.Final\hibernate-core-5.2.17.Final.jar;E:\Tools\apache-maven-3.3.3-bin\repository\org\hibernate\javax\persistence\hibernate-jpa-2.1-api\1.0.0.Final\hibernate-jpa-2.1-api-1.0.0.Final.jar;E:\Tools\apache-maven-3.3.3-bin\repository\org\javassist\javassist\3.22.0-GA\javassist-3.22.0-GA.jar;E:\Tools\apache-maven-3.3.3-bin\repository\antlr\antlr\2.7.7\antlr-2.7.7.jar;E:\Tools\apache-maven-3.3.3-bin\repository\org\jboss\jandex\2.0.3.Final\jandex-2.0.3.Final.jar;E:\Tools\apache-maven-3.3.3-bin\repository\dom4j\dom4j\1.6.1\dom4j-1.6.1.jar;E:\Tools\apache-maven-3.3.3-bin\repository\org\hibernate\common\hibernate-commons-annotations\5.0.1.Final\hibernate-commons-annotations-5.0.1.Final.jar;E:\Tools\apache-maven-3.3.3-bin\repository\javax\transaction\javax.transaction-api\1.2\javax.transaction-api-1.2.jar;E:\Tools\apache-maven-3.3.3-bin\repository\org\springframework\data\spring-data-jpa\2.0.7.RELEASE\spring-data-jpa-2.0.7.RELEASE.jar;E:\Tools\apache-maven-3.3.3-bin\repository\org\springframework\data\spring-data-commons\2.0.7.RELEASE\spring-data-commons-2.0.7.RELEASE.jar;E:\Tools\apache-maven-3.3.3-bin\repository\org\springframework\spring-orm\5.0.6.RELEASE\spring-orm-5.0.6.RELEASE.jar;E:\Tools\apache-maven-3.3.3-bin\repository\org\springframework\spring-tx\5.0.6.RELEASE\spring-tx-5.0.6.RELEASE.jar;E:\Tools\apache-maven-3.3.3-bin\repository\org\springframework\spring-aspects\5.0.6.RELEASE\spring-aspects-5.0.6.RELEASE.jar;E:\Tools\apache-maven-3.3.3-bin\repository\mysql\mysql-connector-java\5.1.46\mysql-connector-java-5.1.46.jar;E:\Tools\apache-maven-3.3.3-bin\repository\org\apache\maven\plugins\maven-resources-plugin\2.4.3\maven-resources-plugin-2.4.3.jar;E:\Tools\apache-maven-3.3.3-bin\repository\org\apache\maven\maven-plugin-api\2.0.6\maven-plugin-api-2.0.6.jar;E:\Tools\apache-maven-3.3.3-bin\repository\org\apache\maven\maven-project\2.0.6\maven-project-2.0.6.jar;E:\Tools\apache-maven-3.3.3-bin\repository\org\apache\maven\maven-profile\2.0.6\maven-profile-2.0.6.jar;E:\Tools\apache-maven-3.3.3-bin\repository\org\apache\maven\maven-artifact-manager\2.0.6\maven-artifact-manager-2.0.6.jar;E:\Tools\apache-maven-3.3.3-bin\repository\org\apache\maven\maven-plugin-registry\2.0.6\maven-plugin-registry-2.0.6.jar;E:\Tools\apache-maven-3.3.3-bin\repository\org\apache\maven\maven-core\2.0.6\maven-core-2.0.6.jar;E:\Tools\apache-maven-3.3.3-bin\repository\org\apache\maven\wagon\wagon-file\1.0-beta-2\wagon-file-1.0-beta-2.jar;E:\Tools\apache-maven-3.3.3-bin\repository\org\apache\maven\maven-plugin-parameter-documenter\2.0.6\maven-plugin-parameter-documenter-2.0.6.jar;E:\Tools\apache-maven-3.3.3-bin\repository\org\apache\maven\wagon\wagon-http-lightweight\1.0-beta-2\wagon-http-lightweight-1.0-beta-2.jar;E:\Tools\apache-maven-3.3.3-bin\repository\org\apache\maven\wagon\wagon-http-shared\1.0-beta-2\wagon-http-shared-1.0-beta-2.jar;E:\Tools\apache-maven-3.3.3-bin\repository\jtidy\jtidy\4aug2000r7-dev\jtidy-4aug2000r7-dev.jar;E:\Tools\apache-maven-3.3.3-bin\repository\xml-apis\xml-apis\1.4.01\xml-apis-1.4.01.jar;E:\Tools\apache-maven-3.3.3-bin\repository\org\apache\maven\reporting\maven-reporting-api\2.0.6\maven-reporting-api-2.0.6.jar;E:\Tools\apache-maven-3.3.3-bin\repository\org\apache\maven\doxia\doxia-sink-api\1.0-alpha-7\doxia-sink-api-1.0-alpha-7.jar;E:\Tools\apache-maven-3.3.3-bin\repository\org\apache\maven\wagon\wagon-provider-api\1.0-beta-2\wagon-provider-api-1.0-beta-2.jar;E:\Tools\apache-maven-3.3.3-bin\repository\org\apache\maven\maven-repository-metadata\2.0.6\maven-repository-metadata-2.0.6.jar;E:\Tools\apache-maven-3.3.3-bin\repository\org\apache\maven\maven-error-diagnostics\2.0.6\maven-error-diagnostics-2.0.6.jar;E:\Tools\apache-maven-3.3.3-bin\repository\commons-cli\commons-cli\1.0\commons-cli-1.0.jar;E:\Tools\apache-maven-3.3.3-bin\repository\org\apache\maven\wagon\wagon-ssh-external\1.0-beta-2\wagon-ssh-external-1.0-beta-2.jar;E:\Tools\apache-maven-3.3.3-bin\repository\org\apache\maven\wagon\wagon-ssh-common\1.0-beta-2\wagon-ssh-common-1.0-beta-2.jar;E:\Tools\apache-maven-3.3.3-bin\repository\org\apache\maven\maven-plugin-descriptor\2.0.6\maven-plugin-descriptor-2.0.6.jar;E:\Tools\apache-maven-3.3.3-bin\repository\org\codehaus\plexus\plexus-interactivity-api\1.0-alpha-4\plexus-interactivity-api-1.0-alpha-4.jar;E:\Tools\apache-maven-3.3.3-bin\repository\org\apache\maven\wagon\wagon-ssh\1.0-beta-2\wagon-ssh-1.0-beta-2.jar;E:\Tools\apache-maven-3.3.3-bin\repository\com\jcraft\jsch\0.1.27\jsch-0.1.27.jar;E:\Tools\apache-maven-3.3.3-bin\repository\classworlds\classworlds\1.1\classworlds-1.1.jar;E:\Tools\apache-maven-3.3.3-bin\repository\org\apache\maven\maven-artifact\2.0.6\maven-artifact-2.0.6.jar;E:\Tools\apache-maven-3.3.3-bin\repository\org\apache\maven\maven-settings\2.0.6\maven-settings-2.0.6.jar;E:\Tools\apache-maven-3.3.3-bin\repository\org\apache\maven\maven-model\2.0.6\maven-model-2.0.6.jar;E:\Tools\apache-maven-3.3.3-bin\repository\org\apache\maven\maven-monitor\2.0.6\maven-monitor-2.0.6.jar;E:\Tools\apache-maven-3.3.3-bin\repository\org\codehaus\plexus\plexus-container-default\1.0-alpha-9-stable-1\plexus-container-default-1.0-alpha-9-stable-1.jar;E:\Tools\apache-maven-3.3.3-bin\repository\org\codehaus\plexus\plexus-utils\2.0.5\plexus-utils-2.0.5.jar;E:\Tools\apache-maven-3.3.3-bin\repository\org\apache\maven\shared\maven-filtering\1.0-beta-4\maven-filtering-1.0-beta-4.jar;E:\Tools\apache-maven-3.3.3-bin\repository\org\sonatype\plexus\plexus-build-api\0.0.4\plexus-build-api-0.0.4.jar;E:\Tools\apache-maven-3.3.3-bin\repository\org\codehaus\plexus\plexus-interpolation\1.13\plexus-interpolation-1.13.jar;"/>
    <property name="sun.cpu.endian" value="little"/>
    <property name="user.home" value="C:\Users\Administrator"/>
    <property name="user.language" value="zh"/>
    <property name="java.specification.vendor" value="Oracle Corporation"/>
    <property name="java.home" value="C:\Program Files\Java\jdk1.8.0_131\jre"/>
    <property name="basedir" value="E:\workspace_lic\spring-boot-test"/>
    <property name="file.separator" value="\"/>
    <property name="line.separator" value="&#10;"/>
    <property name="java.vm.specification.vendor" value="Oracle Corporation"/>
    <property name="java.specification.name" value="Java Platform API Specification"/>
    <property name="java.awt.graphicsenv" value="sun.awt.Win32GraphicsEnvironment"/>
    <property name="surefire.real.class.path" value="C:\Users\ADMINI~1\AppData\Local\Temp\surefire5470940193544034284\surefirebooter9175320559585683320.jar"/>
    <property name="sun.boot.class.path" value="C:\Program Files\Java\jdk1.8.0_131\jre\lib\resources.jar;C:\Program Files\Java\jdk1.8.0_131\jre\lib\rt.jar;C:\Program Files\Java\jdk1.8.0_131\jre\lib\sunrsasign.jar;C:\Program Files\Java\jdk1.8.0_131\jre\lib\jsse.jar;C:\Program Files\Java\jdk1.8.0_131\jre\lib\jce.jar;C:\Program Files\Java\jdk1.8.0_131\jre\lib\charsets.jar;C:\Program Files\Java\jdk1.8.0_131\jre\lib\jfr.jar;C:\Program Files\Java\jdk1.8.0_131\jre\classes"/>
    <property name="user.script" value=""/>
    <property name="sun.management.compiler" value="HotSpot 64-Bit Tiered Compilers"/>
    <property name="java.runtime.version" value="1.8.0_131-b11"/>
    <property name="user.name" value="Administrator"/>
    <property name="path.separator" value=";"/>
    <property name="os.version" value="6.1"/>
    <property name="java.endorsed.dirs" value="C:\Program Files\Java\jdk1.8.0_131\jre\lib\endorsed"/>
    <property name="java.runtime.name" value="Java(TM) SE Runtime Environment"/>
    <property name="file.encoding" value="GBK"/>
    <property name="java.vm.name" value="Java HotSpot(TM) 64-Bit Server VM"/>
    <property name="localRepository" value="E:\Tools\apache-maven-3.3.3-bin\repository"/>
    <property name="java.vendor.url.bug" value="http://bugreport.sun.com/bugreport/"/>
    <property name="java.io.tmpdir" value="C:\Users\ADMINI~1\AppData\Local\Temp\"/>
    <property name="java.version" value="1.8.0_131"/>
    <property name="user.dir" value="E:\workspace_lic\spring-boot-test"/>
    <property name="os.arch" value="amd64"/>
    <property name="java.vm.specification.name" value="Java Virtual Machine Specification"/>
    <property name="java.awt.printerjob" value="sun.awt.windows.WPrinterJob"/>
    <property name="sun.os.patch.level" value="Service Pack 1"/>
    <property name="java.library.path" value="C:\Program Files\Java\jdk1.8.0_131\jre\bin;C:\Windows\Sun\Java\bin;C:\Windows\system32;C:\Windows;C:/Program Files/Java/jre1.8.0_131/bin/server;C:/Program Files/Java/jre1.8.0_131/bin;C:/Program Files/Java/jre1.8.0_131/lib/amd64;D:\oracle\product\10.2.0\client_1;C:\ProgramData\Oracle\Java\javapath;C:\Windows\system32;C:\Windows;C:\Windows\System32\Wbem;C:\Windows\System32\WindowsPowerShell\v1.0\;C:\Program Files (x86)\AMD\ATI.ACE\Core-Static;C:\Program Files (x86)\NVIDIA Corporation\PhysX\Common;D:\Git\cmd;C:\Program Files (x86)\Java\jdk1.7.0_67\bin;E:\Tools\apache-maven-3.3.3-bin\bin;;E:\Tools\eclipse;;."/>
    <property name="java.vm.info" value="mixed mode"/>
    <property name="java.vendor" value="Oracle Corporation"/>
    <property name="java.vm.version" value="25.131-b11"/>
    <property name="java.ext.dirs" value="C:\Program Files\Java\jdk1.8.0_131\jre\lib\ext;C:\Windows\Sun\Java\lib\ext"/>
    <property name="sun.io.unicode.encoding" value="UnicodeLittle"/>
    <property name="java.class.version" value="52.0"/>
  </properties>
  <testcase name="contextLoads" classname="com.ccitsoft.demo.SpringBootTestApplicationTests" time="0.126"/>
</testsuite>